$CPU0: VBAR=0x40141080, TTBR0=0x4378c06a, cpsr=200001DF, SCTLR=20C5183D, ACTLR=00000003, sp=0x7fffffb4, MPIDR=80000000
$CPU1: VBAR=0x40141080, TTBR0=0x4378c06a, cpsr=200001DF, SCTLR=20C5183D, ACTLR=00000003, sp=0x4161361c, MPIDR=80000001
$CPU2: VBAR=0x40141080, TTBR0=0x4378c06a, cpsr=200001DF, SCTLR=20C5183D, ACTLR=00000003, sp=0x426137a4, MPIDR=80000002
$CPU3: VBAR=0x40141080, TTBR0=0x4378c06a, cpsr=200001DF, SCTLR=20C5183D, ACTLR=00000003, sp=0x4361392c, MPIDR=80000003
Version Nov 22 2023 21:03:45 1 debug session starts.
fpga: board_fpga_loader_PS start
board_fpga_loader_PS: usermode okay
hardware_channels_initialize: fpgacodechw-i2s0-duplex-slave
ADCINPUTS_COUNT=12: 31,27,27,28,24,25,29,36,35,34,33,32
hardware_adc_initialize
display_hardware_initialize start
display_hardware_initialize done
USBH init on controller 1
sizeof(usbh_device_t) = 86
sizeof(hcd_event_t) = 12
sizeof(_ctrl_xfer) = 24
sizeof(tuh_xfer_t) = 24
sizeof(tu_fifo_t) = 12
sizeof(tu_edpt_stream_t) = 24
MSC init
HID init
BTH init
Most of hardware initialized.
initialize2() started.
KBD ok
initialize2: finished.
stmpe811_initialize: chip_id=0811, expected 0811, ver=03
dsp_initialize: ARMI2SRATE=48000, ARMI2SRATE100=48000.00
hardware_channels_enable: fpgacodechw-i2s0-duplex-slave
af codec type = 'NAU8822'
if codec type = 'FPGA_V1'
__GNUC__=12, __GNUC_MINOR__=2
[0:] USBH DEVICE ATTACH
[0:0:0] USBH DEVICE REMOVED
[0:] USBH DEVICE ATTACH
Full Speed
[0:0] Open EP0 with Size = 8
Get 8 byte of Device Descriptor
[0:0] Get Descriptor: 80 06 00 01 00 00 08 00 
on EP 00 with 8 bytes: OK
on EP 80 with 8 bytes: OK
[0:0] Control data:
  0000:  12 01 00 02 E0 01 01 40                          |.......@|
on EP 00 with 0 bytes: OK

Set Address = 1
[0:0] Set Address: 00 05 01 00 00 00 00 00 
on EP 00 with 8 bytes: OK
on EP 80 with 0 bytes: OK

[0:1] Open EP0 with Size = 64
Get Device Descriptor
[0:1] Get Descriptor: 80 06 00 01 00 00 12 00 
on EP 00 with 8 bytes: OK
on EP 80 with 18 bytes: OK
[0:1] Control data:
  0000:  12 01 00 02 E0 01 01 40 12 0A 01 00 91 88 00 00  |.......@........|
  0010:  00 01                                            |..|
on EP 00 with 0 bytes: OK

Get Configuration[0] Descriptor (9 bytes)
[0:1] Get Descriptor: 80 06 00 02 00 00 09 00 
on EP 00 with 8 bytes: OK
on EP 80 with 9 bytes: OK
[0:1] Control data:
  0000:  09 02 B1 00 02 01 00 C0 00                       |.........|
on EP 00 with 0 bytes: OK

Get Configuration[0] Descriptor
[0:1] Get Descriptor: 80 06 00 02 00 00 B1 00 
on EP 00 with 8 bytes: OK
on EP 80 with 177 bytes: OK
[0:1] Control data:
  0000:  09 02 B1 00 02 01 00 C0 00 09 04 00 00 03 E0 01  |................|
  0010:  01 00 07 05 81 03 10 00 01 07 05 02 02 40 00 01  |.............@..|
  0020:  07 05 82 02 40 00 01 09 04 01 00 02 E0 01 01 00  |....@...........|
  0030:  07 05 03 01 00 00 01 07 05 83 01 00 00 01 09 04  |................|
  0040:  01 01 02 E0 01 01 00 07 05 03 01 09 00 01 07 05  |................|
  0050:  83 01 09 00 01 09 04 01 02 02 E0 01 01 00 07 05  |................|
  0060:  03 01 11 00 01 07 05 83 01 11 00 01 09 04 01 03  |................|
  0070:  02 E0 01 01 00 07 05 03 01 19 00 01 07 05 83 01  |................|
  0080:  19 00 01 09 04 01 04 02 E0 01 01 00 07 05 03 01  |................|
  0090:  21 00 01 07 05 83 01 21 00 01 09 04 01 05 02 E0  |!......!........|
  00A0:  01 01 00 07 05 03 01 31 00 01 07 05 83 01 31 00  |.......1......1.|
  00B0:  01                                               |.|
on EP 00 with 0 bytes: OK

Parsing Configuration descriptor (wTotalLength = 177)
  Open EP 81 with Size = 16
  Open EP 02 with Size = 64
  Open EP 82 with Size = 64
  BTH opened
  Bind EP 81 to driver id 2
  Bind EP 02 to driver id 2
  Bind EP 82 to driver id 2
[0:1] Interface 1: class = 224 subclass = 1 protocol = 1 is not supported
Set Configuration = 1
[0:1] Set Configuration: 00 09 01 00 00 00 00 00 
on EP 00 with 8 bytes: OK
on EP 80 with 0 bytes: OK

Device configured
BTH set config: itf = 0
[0:1] Class Request: 21 00 00 00 00 00 00 00 
on EP 00 with 8 bytes: OK
on EP 80 with 0 bytes: OK

[1] Claimed EP 0x82
  Queue EP 82 with 64 bytes ... 
OK
[1] Claimed EP 0x81
  Queue EP 81 with 16 bytes ... 
OK
+++++++++++++++++++++++++++++++++++++++++++++++++++++ tuh_bth_mount_cb: idx=0
At 298 in ../../src/bt/port.c.
hal_fram_erase: bank=0
send_cmd
00000000: 03 0C 00                                         ...
[0:1] Class Request: 21 00 00 00 00 00 03 00 
on EP 81 with 6 bytes: OK
BTH xfer callback
packet_received (event)
00000000: 0F 04 00 01 00 00                                ......
[1] Claimed EP 0x81
  Queue EP 81 with 16 bytes ... 
OK
on EP 00 with 8 bytes: OK
on EP 00 with 3 bytes: OK
[0:1] Control data:
  0000:  03 0C 00                                         |...|
on EP 81 with 6 bytes: OK
BTH xfer callback
packet_received (event)
00000000: 0F 04 01 01 00 00                                ......
[1] Claimed EP 0x81
  Queue EP 81 with 16 bytes ... 
OK
on EP 80 with 0 bytes: OK

on EP 81 with 6 bytes: OK
BTH xfer callback
packet_received (event)
00000000: 0E 04 01 03 0C 00                                ......
send_cmd
00000000: 01 10 00                                         ...
[0:1] Class Request: 21 00 00 00 00 00 03 00 
[1] Claimed EP 0x81
  Queue EP 81 with 16 bytes ... 
OK
on EP 00 with 8 bytes: OK
on EP 00 with 3 bytes: OK
[0:1] Control data:
  0000:  01 10 00                                         |...|
on EP 81 with 14 bytes: OK
BTH xfer callback
packet_received (event)
00000000: 0E 0C 01 01 10 00 06 BB 22 06 0A 00 BB 22        ........"...."
[1] Claimed EP 0x81
  Queue EP 81 with 16 bytes ... 
OK
on EP 80 with 0 bytes: OK

send_cmd
00000000: 14 0C 00                                         ...
[0:1] Class Request: 21 00 00 00 00 00 03 00 
on EP 00 with 8 bytes: OK
on EP 00 with 3 bytes: OK
[0:1] Control data:
  0000:  14 0C 00                                         |...|
on EP 80 with 0 bytes: OK

on EP 81 with 16 bytes: OK
BTH xfer callback
[1] Claimed EP 0x81
  Queue EP 81 with 16 bytes ... 
OK
on EP 81 with 16 bytes: OK
BTH xfer callback
[1] Claimed EP 0x81
  Queue EP 81 with 16 bytes ... 
OK
on EP 81 with 16 bytes: OK
BTH xfer callback
[1] Claimed EP 0x81
  Queue EP 81 with 16 bytes ... 
OK
on EP 81 with 16 bytes: OK
BTH xfer callback
[1] Claimed EP 0x81
  Queue EP 81 with 16 bytes ... 
OK
on EP 81 with 16 bytes: OK
BTH xfer callback
[1] Claimed EP 0x81
  Queue EP 81 with 16 bytes ... 
OK
on EP 81 with 16 bytes: OK
BTH xfer callback
[1] Claimed EP 0x81
  Queue EP 81 with 16 bytes ... 
OK
on EP 81 with 16 bytes: OK
BTH xfer callback
[1] Claimed EP 0x81
  Queue EP 81 with 16 bytes ... 
OK
on EP 81 with 16 bytes: OK
BTH xfer callback
[1] Claimed EP 0x81
  Queue EP 81 with 16 bytes ... 
OK
on EP 81 with 16 bytes: OK
BTH xfer callback
[1] Claimed EP 0x81
  Queue EP 81 with 16 bytes ... 
OK
on EP 81 with 16 bytes: OK
BTH xfer callback
[1] Claimed EP 0x81
  Queue EP 81 with 16 bytes ... 
OK
on EP 81 with 16 bytes: OK
BTH xfer callback
[1] Claimed EP 0x81
  Queue EP 81 with 16 bytes ... 
OK
on EP 81 with 16 bytes: OK
BTH xfer callback
[1] Claimed EP 0x81
  Queue EP 81 with 16 bytes ... 
OK
on EP 81 with 16 bytes: OK
BTH xfer callback
[1] Claimed EP 0x81
  Queue EP 81 with 16 bytes ... 
OK
on EP 81 with 16 bytes: OK
BTH xfer callback
[1] Claimed EP 0x81
  Queue EP 81 with 16 bytes ... 
OK
on EP 81 with 16 bytes: OK
BTH xfer callback
[1] Claimed EP 0x81
  Queue EP 81 with 16 bytes ... 
OK
on EP 81 with 14 bytes: OK
BTH xfer callback
packet_received (event)
00000000: 0E FC 01 14 0C 00 54 50 2D 4C 69 6E 6B 20 42 6C  ......TP-Link Bl
00000010: 75 65 74 6F 6F 74 68 20 41 64 61 70 74 65 72 00  uetooth Adapter.
00000020: 00 00 00 00 00 00 00 00 00 00 00 00 00 00 00 00  ................
00000030: 00 00 00 00 00 00 00 00 00 00 00 00 00 00 00 00  ................
00000040: 00 00 00 00 00 00 00 00 00 00 00 00 00 00 00 00  ................
00000050: 00 00 00 00 00 00 00 00 00 00 00 00 00 00 00 00  ................
00000060: 00 00 00 00 00 00 00 00 00 00 00 00 00 00 00 00  ................
00000070: 00 00 00 00 00 00 00 00 00 00 00 00 00 00 00 00  ................
00000080: 00 00 00 00 00 00 00 00 00 00 00 00 00 00 00 00  ................
00000090: 00 00 00 00 00 00 00 00 00 00 00 00 00 00 00 00  ................
000000A0: 00 00 00 00 00 00 00 00 00 00 00 00 00 00 00 00  ................
000000B0: 00 00 00 00 00 00 00 00 00 00 00 00 00 00 00 00  ................
000000C0: 00 00 00 00 00 00 00 00 00 00 00 00 00 00 00 00  ................
000000D0: 00 00 00 00 00 00 00 00 00 00 00 00 00 00 00 00  ................
000000E0: 00 00 00 00 00 00 00 00 00 00 00 00 00 00 00 00  ................
000000F0: 00 00 00 00 00 00 00 00 00 00 00 00 00 00        ..............
send_cmd
00000000: 02 10 00                                         ...
[0:1] Class Request: 21 00 00 00 00 00 03 00 
[1] Claimed EP 0x81
  Queue EP 81 with 16 bytes ... 
OK
on EP 00 with 8 bytes: OK
on EP 00 with 3 bytes: OK
[0:1] Control data:
  0000:  02 10 00                                         |...|
on EP 81 with 16 bytes: OK
BTH xfer callback
[1] Claimed EP 0x81
  Queue EP 81 with 16 bytes ... 
OK
on EP 80 with 0 bytes: OK

on EP 81 with 16 bytes: OK
BTH xfer callback
[1] Claimed EP 0x81
  Queue EP 81 with 16 bytes ... 
OK
on EP 81 with 16 bytes: OK
BTH xfer callback
[1] Claimed EP 0x81
  Queue EP 81 with 16 bytes ... 
OK
on EP 81 with 16 bytes: OK
BTH xfer callback
[1] Claimed EP 0x81
  Queue EP 81 with 16 bytes ... 
OK
on EP 81 with 6 bytes: OK
BTH xfer callback
packet_received (event)
00000000: 0E 44 01 02 10 00 FF FF FF 03 FE FF FF FF FF FF  .D..............
00000010: FF FF F3 0F E8 FE 3F F7 83 FF 1C 00 00 00 61 F7  ......?.......a.
00000020: FF FF 7F 00 00 00 00 00 00 00 00 00 00 00 00 00  ................
00000030: 00 00 00 00 00 00 00 00 00 00 00 00 00 00 00 00  ................
00000040: 00 00 00 00 00 00                                ......
send_cmd
00000000: 09 10 00                                         ...
[0:1] Class Request: 21 00 00 00 00 00 03 00 
[1] Claimed EP 0x81
  Queue EP 81 with 16 bytes ... 
OK
on EP 00 with 8 bytes: OK
on EP 00 with 3 bytes: OK
[0:1] Control data:
  0000:  09 10 00                                         |...|
on EP 81 with 12 bytes: OK
BTH xfer callback
packet_received (event)
00000000: 0E 0A 01 09 10 00 15 71 DA 7D 1A 00              .......q.}..
[1] Claimed EP 0x81
  Queue EP 81 with 16 bytes ... 
OK
on EP 80 with 0 bytes: OK

send_cmd
00000000: 05 10 00                                         ...
[0:1] Class Request: 21 00 00 00 00 00 03 00 
on EP 00 with 8 bytes: OK
on EP 00 with 3 bytes: OK
[0:1] Control data:
  0000:  05 10 00                                         |...|
on EP 81 with 13 bytes: OK
BTH xfer callback
packet_received (event)
00000000: 0E 0B 01 05 10 00 36 01 40 0A 00 08 00           ......6.@....
[1] Claimed EP 0x81
  Queue EP 81 with 16 bytes ... 
OK
on EP 80 with 0 bytes: OK

send_cmd
00000000: 03 10 00                                         ...
[0:1] Class Request: 21 00 00 00 00 00 03 00 
on EP 00 with 8 bytes: OK
on EP 00 with 3 bytes: OK
[0:1] Control data:
  0000:  03 10 00                                         |...|
on EP 81 with 14 bytes: OK
BTH xfer callback
packet_received (event)
00000000: 0E 0C 01 03 10 00 FF FF 8F FE DB FF 5B 87        ............[.
[1] Claimed EP 0x81
  Queue EP 81 with 16 bytes ... 
OK
on EP 80 with 0 bytes: OK

send_cmd
00000000: 01 0C 08 FF FF FF FF FF FF FF 1F                 ...........
[0:1] Class Request: 21 00 00 00 00 00 0B 00 
on EP 00 with 8 bytes: OK
on EP 00 with 11 bytes: OK
[0:1] Control data:
  0000:  01 0C 08 FF FF FF FF FF FF FF 1F                 |...........|
on EP 81 with 6 bytes: OK
BTH xfer callback
packet_received (event)
00000000: 0E 04 01 01 0C 00                                ......
[1] Claimed EP 0x81
  Queue EP 81 with 16 bytes ... 
OK
on EP 80 with 0 bytes: OK

send_cmd
00000000: 56 0C 01 01                                      V...
[0:1] Class Request: 21 00 00 00 00 00 04 00 
on EP 00 with 8 bytes: OK
on EP 00 with 4 bytes: OK
[0:1] Control data:
  0000:  56 0C 01 01                                      |V...|
on EP 81 with 6 bytes: OK
BTH xfer callback
packet_received (event)
00000000: 0E 04 01 56 0C 00                                ...V..
[1] Claimed EP 0x81
  Queue EP 81 with 16 bytes ... 
OK
on EP 80 with 0 bytes: OK

send_cmd
00000000: 45 0C 01 02                                      E...
[0:1] Class Request: 21 00 00 00 00 00 04 00 
on EP 00 with 8 bytes: OK
on EP 00 with 4 bytes: OK
[0:1] Control data:
  0000:  45 0C 01 02                                      |E...|
on EP 81 with 6 bytes: OK
BTH xfer callback
packet_received (event)
00000000: 0E 04 01 45 0C 00                                ...E..
[1] Claimed EP 0x81
  Queue EP 81 with 16 bytes ... 
OK
on EP 80 with 0 bytes: OK

send_cmd
00000000: 2F 0C 01 01                                      /...
[0:1] Class Request: 21 00 00 00 00 00 04 00 
on EP 00 with 8 bytes: OK
on EP 00 with 4 bytes: OK
[0:1] Control data:
  0000:  2F 0C 01 01                                      |/...|
on EP 81 with 6 bytes: OK
BTH xfer callback
packet_received (event)
00000000: 0E 04 01 2F 0C 11                                .../..
[1] Claimed EP 0x81
  Queue EP 81 with 16 bytes ... 
OK
on EP 80 with 0 bytes: OK

send_cmd
00000000: 24 0C 03 08 04 20                                $.... 
[0:1] Class Request: 21 00 00 00 00 00 06 00 
on EP 00 with 8 bytes: OK
on EP 00 with 6 bytes: OK
[0:1] Control data:
  0000:  24 0C 03 08 04 20                                |$.... |
on EP 81 with 6 bytes: OK
BTH xfer callback
packet_received (event)
00000000: 0E 04 01 24 0C 00                                ...$..
[1] Claimed EP 0x81
  Queue EP 81 with 16 bytes ... 
OK
on EP 80 with 0 bytes: OK

send_cmd
00000000: 13 0C F8 46 61 6C 63 6F 6E 20 42 54 78 00 00 00  ...Falcon BTx...
00000010: 00 00 00 00 00 00 00 00 00 00 00 00 00 00 00 00  ................
00000020: 00 00 00 00 00 00 00 00 00 00 00 00 00 00 00 00  ................
00000030: 00 00 00 00 00 00 00 00 00 00 00 00 00 00 00 00  ................
00000040: 00 00 00 00 00 00 00 00 00 00 00 00 00 00 00 00  ................
00000050: 00 00 00 00 00 00 00 00 00 00 00 00 00 00 00 00  ................
00000060: 00 00 00 00 00 00 00 00 00 00 00 00 00 00 00 00  ................
00000070: 00 00 00 00 00 00 00 00 00 00 00 00 00 00 00 00  ................
00000080: 00 00 00 00 00 00 00 00 00 00 00 00 00 00 00 00  ................
00000090: 00 00 00 00 00 00 00 00 00 00 00 00 00 00 00 00  ................
000000A0: 00 00 00 00 00 00 00 00 00 00 00 00 00 00 00 00  ................
000000B0: 00 00 00 00 00 00 00 00 00 00 00 00 00 00 00 00  ................
000000C0: 00 00 00 00 00 00 00 00 00 00 00 00 00 00 00 00  ................
000000D0: 00 00 00 00 00 00 00 00 00 00 00 00 00 00 00 00  ................
000000E0: 00 00 00 00 00 00 00 00 00 00 00 00 00 00 00 00  ................
000000F0: 00 00 00 00 00 00 00 00 00 00 00                 ...........
[0:1] Class Request: 21 00 00 00 00 00 FB 00 
on EP 00 with 8 bytes: OK
on EP 00 with 251 bytes: OK
[0:1] Control data:
  0000:  13 0C F8 46 61 6C 63 6F 6E 20 42 54 78 00 00 00  |...Falcon BTx...|
  0010:  00 00 00 00 00 00 00 00 00 00 00 00 00 00 00 00  |................|
  0020:  00 00 00 00 00 00 00 00 00 00 00 00 00 00 00 00  |................|
  0030:  00 00 00 00 00 00 00 00 00 00 00 00 00 00 00 00  |................|
  0040:  00 00 00 00 00 00 00 00 00 00 00 00 00 00 00 00  |................|
  0050:  00 00 00 00 00 00 00 00 00 00 00 00 00 00 00 00  |................|
  0060:  00 00 00 00 00 00 00 00 00 00 00 00 00 00 00 00  |................|
  0070:  00 00 00 00 00 00 00 00 00 00 00 00 00 00 00 00  |................|
  0080:  00 00 00 00 00 00 00 00 00 00 00 00 00 00 00 00  |................|
  0090:  00 00 00 00 00 00 00 00 00 00 00 00 00 00 00 00  |................|
  00A0:  00 00 00 00 00 00 00 00 00 00 00 00 00 00 00 00  |................|
  00B0:  00 00 00 00 00 00 00 00 00 00 00 00 00 00 00 00  |................|
  00C0:  00 00 00 00 00 00 00 00 00 00 00 00 00 00 00 00  |................|
  00D0:  00 00 00 00 00 00 00 00 00 00 00 00 00 00 00 00  |................|
  00E0:  00 00 00 00 00 00 00 00 00 00 00 00 00 00 00 00  |................|
  00F0:  00 00 00 00 00 00 00 00 00 00 00                 |...........|
on EP 81 with 6 bytes: OK
BTH xfer callback
packet_received (event)
00000000: 0E 04 01 13 0C 00                                ......
[1] Claimed EP 0x81
  Queue EP 81 with 16 bytes ... 
OK
on EP 80 with 0 bytes: OK

send_cmd
00000000: 52 0C F1 00 0B 09 46 61 6C 63 6F 6E 20 42 54 78  R.....Falcon BTx
00000010: 00 00 00 00 00 00 00 00 00 00 00 00 00 00 00 00  ................
00000020: 00 00 00 00 00 00 00 00 00 00 00 00 00 00 00 00  ................
00000030: 00 00 00 00 00 00 00 00 00 00 00 00 00 00 00 00  ................
00000040: 00 00 00 00 00 00 00 00 00 00 00 00 00 00 00 00  ................
00000050: 00 00 00 00 00 00 00 00 00 00 00 00 00 00 00 00  ................
00000060: 00 00 00 00 00 00 00 00 00 00 00 00 00 00 00 00  ................
00000070: 00 00 00 00 00 00 00 00 00 00 00 00 00 00 00 00  ................
00000080: 00 00 00 00 00 00 00 00 00 00 00 00 00 00 00 00  ................
00000090: 00 00 00 00 00 00 00 00 00 00 00 00 00 00 00 00  ................
000000A0: 00 00 00 00 00 00 00 00 00 00 00 00 00 00 00 00  ................
000000B0: 00 00 00 00 00 00 00 00 00 00 00 00 00 00 00 00  ................
000000C0: 00 00 00 00 00 00 00 00 00 00 00 00 00 00 00 00  ................
000000D0: 00 00 00 00 00 00 00 00 00 00 00 00 00 00 00 00  ................
000000E0: 00 00 00 00 00 00 00 00 00 00 00 00 00 00 00 00  ................
000000F0: 00 00 00 00                                      ....
[0:1] Class Request: 21 00 00 00 00 00 F4 00 
on EP 00 with 8 bytes: OK
on EP 00 with 244 bytes: OK
[0:1] Control data:
  0000:  52 0C F1 00 0B 09 46 61 6C 63 6F 6E 20 42 54 78  |R.....Falcon BTx|
  0010:  00 00 00 00 00 00 00 00 00 00 00 00 00 00 00 00  |................|
  0020:  00 00 00 00 00 00 00 00 00 00 00 00 00 00 00 00  |................|
  0030:  00 00 00 00 00 00 00 00 00 00 00 00 00 00 00 00  |................|
  0040:  00 00 00 00 00 00 00 00 00 00 00 00 00 00 00 00  |................|
  0050:  00 00 00 00 00 00 00 00 00 00 00 00 00 00 00 00  |................|
  0060:  00 00 00 00 00 00 00 00 00 00 00 00 00 00 00 00  |................|
  0070:  00 00 00 00 00 00 00 00 00 00 00 00 00 00 00 00  |................|
  0080:  00 00 00 00 00 00 00 00 00 00 00 00 00 00 00 00  |................|
  0090:  00 00 00 00 00 00 00 00 00 00 00 00 00 00 00 00  |................|
  00A0:  00 00 00 00 00 00 00 00 00 00 00 00 00 00 00 00  |................|
  00B0:  00 00 00 00 00 00 00 00 00 00 00 00 00 00 00 00  |................|
  00C0:  00 00 00 00 00 00 00 00 00 00 00 00 00 00 00 00  |................|
  00D0:  00 00 00 00 00 00 00 00 00 00 00 00 00 00 00 00  |................|
  00E0:  00 00 00 00 00 00 00 00 00 00 00 00 00 00 00 00  |................|
  00F0:  00 00 00 00                                      |....|
on EP 81 with 6 bytes: OK
BTH xfer callback
packet_received (event)
00000000: 0E 04 01 52 0C 00                                ...R..
[1] Claimed EP 0x81
  Queue EP 81 with 16 bytes ... 
OK
on EP 80 with 0 bytes: OK

send_cmd
00000000: 0F 08 02 00 00                                   .....
[0:1] Class Request: 21 00 00 00 00 00 05 00 
on EP 00 with 8 bytes: OK
on EP 00 with 5 bytes: OK
[0:1] Control data:
  0000:  0F 08 02 00 00                                   |.....|
on EP 81 with 6 bytes: OK
BTH xfer callback
packet_received (event)
00000000: 0E 04 01 0F 08 00                                ......
[1] Claimed EP 0x81
  Queue EP 81 with 16 bytes ... 
OK
on EP 80 with 0 bytes: OK

send_cmd
00000000: 18 0C 02 00 60                                   ....`
[0:1] Class Request: 21 00 00 00 00 00 05 00 
on EP 00 with 8 bytes: OK
on EP 00 with 5 bytes: OK
[0:1] Control data:
  0000:  18 0C 02 00 60                                   |....`|
on EP 81 with 6 bytes: OK
BTH xfer callback
packet_received (event)
00000000: 0E 04 01 18 0C 00                                ......
[1] Claimed EP 0x81
  Queue EP 81 with 16 bytes ... 
OK
on EP 80 with 0 bytes: OK

send_cmd
00000000: 1A 0C 01 03                                      ....
[0:1] Class Request: 21 00 00 00 00 00 04 00 
on EP 00 with 8 bytes: OK
on EP 00 with 4 bytes: OK
[0:1] Control data:
  0000:  1A 0C 01 03                                      |....|
on EP 81 with 6 bytes: OK
BTH xfer callback
packet_received (event)
00000000: 0E 04 01 1A 0C 00                                ......
[1] Claimed EP 0x81
  Queue EP 81 with 16 bytes ... 
OK
on EP 80 with 0 bytes: OK

BTstack up and running on 00:1A:7D:DA:71:15.
on EP 81 with 12 bytes: OK
BTH xfer callback
packet_received (event)
00000000: 04 0A 2D E5 D5 43 22 00 0C 01 2A 01              ..-..C"...*.
send_cmd
00000000: 09 04 07 2D E5 D5 43 22 00 00                    ...-..C"..
[0:1] Class Request: 21 00 00 00 00 00 0A 00 
[1] Claimed EP 0x81
  Queue EP 81 with 16 bytes ... 
OK
on EP 00 with 8 bytes: OK
on EP 00 with 10 bytes: OK
[0:1] Control data:
  0000:  09 04 07 2D E5 D5 43 22 00 00                    |...-..C"..|
on EP 81 with 6 bytes: OK
BTH xfer callback
packet_received (event)
00000000: 0F 04 00 01 09 04                                ......
[1] Claimed EP 0x81
  Queue EP 81 with 16 bytes ... 
OK
on EP 80 with 0 bytes: OK

on EP 81 with 10 bytes: OK
BTH xfer callback
packet_received (event)
00000000: 12 08 00 2D E5 D5 43 22 00 00                    ...-..C"..
[1] Claimed EP 0x81
  Queue EP 81 with 16 bytes ... 
OK
on EP 81 with 13 bytes: OK
BTH xfer callback
packet_received (event)
00000000: 03 0B 00 4B 00 2D E5 D5 43 22 00 01 00           ...K.-..C"...
[1] Claimed EP 0x81
  Queue EP 81 with 16 bytes ... 
OK
on EP 81 with 9 bytes: OK
BTH xfer callback
packet_received (event)
00000000: 20 07 2D E5 D5 43 22 00 00                        .-..C"..
[1] Claimed EP 0x81
  Queue EP 81 with 16 bytes ... 
OK
on EP 81 with 5 bytes: OK
BTH xfer callback
packet_received (event)
00000000: 1B 03 4B 00 05                                   ..K..
[1] Claimed EP 0x81
  Queue EP 81 with 16 bytes ... 
OK
on EP 82 with 16 bytes: OK
BTH xfer callback
[1] Claimed EP 0x82
  Queue EP 82 with 64 bytes ... 
OK
packet_received (acl)
00000000: 4B 20 0C 00 08 00 01 00 02 66 04 00 01 00 40 00  K .......f....@.
send_acl
00000000: 4B 00 10 00 0C 00 01 00 03 66 08 00 41 00 40 00  K........f..A.@.
00000010: 00 00 00 00                                      ....
[1] Claimed EP 0x02
  Queue EP 02 with 20 bytes ... 
OK
on EP 02 with 20 bytes: OK
BTH xfer callback
send_acl
00000000: 4B 00 10 00 0C 00 01 00 04 01 08 00 40 00 00 00  K...........@...
00000010: 01 02 9B 06                                      ....
[1] Claimed EP 0x02
  Queue EP 02 with 20 bytes ... 
OK
on EP 81 with 7 bytes: OK
BTH xfer callback
packet_received (event)
00000000: 13 05 01 4B 00 01 00                             ...K...
[1] Claimed EP 0x81
  Queue EP 81 with 16 bytes ... 
OK
on EP 82 with 20 bytes: OK
BTH xfer callback
[1] Claimed EP 0x82
  Queue EP 82 with 64 bytes ... 
OK
packet_received (acl)
00000000: 4B 20 10 00 0C 00 01 00 04 67 08 00 41 00 00 00  K .......g..A...
00000010: 01 02 00 04                                      ....
on EP 02 with 20 bytes: OK
BTH xfer callback
send_acl
00000000: 4B 00 12 00 0E 00 01 00 05 67 0A 00 40 00 00 00  K........g..@...
00000010: 00 00 01 02 00 04                                ......
[1] Claimed EP 0x02
  Queue EP 02 with 22 bytes ... 
OK
on EP 81 with 7 bytes: OK
BTH xfer callback
packet_received (event)
00000000: 13 05 01 4B 00 01 00                             ...K...
[1] Claimed EP 0x81
  Queue EP 81 with 16 bytes ... 
OK
on EP 82 with 22 bytes: OK
BTH xfer callback
[1] Claimed EP 0x82
  Queue EP 82 with 64 bytes ... 
OK
packet_received (acl)
00000000: 4B 20 12 00 0E 00 01 00 05 01 0A 00 41 00 00 00  K ..........A...
00000010: 00 00 01 02 00 04                                ......
on EP 02 with 22 bytes: OK
BTH xfer callback
on EP 81 with 7 bytes: OK
BTH xfer callback
packet_received (event)
00000000: 13 05 01 4B 00 01 00                             ...K...
[1] Claimed EP 0x81
  Queue EP 81 with 16 bytes ... 
OK
on EP 81 with 11 bytes: OK
BTH xfer callback
packet_received (event)
00000000: 32 09 2D E5 D5 43 22 00 01 00 05                 2.-..C"....
[1] Claimed EP 0x81
  Queue EP 81 with 16 bytes ... 
OK
on EP 81 with 8 bytes: OK
BTH xfer callback
packet_received (event)
00000000: 31 06 2D E5 D5 43 22 00                          1.-..C".
send_cmd
00000000: 2B 04 09 2D E5 D5 43 22 00 03 00 04              +..-..C"....
[0:1] Class Request: 21 00 00 00 00 00 0C 00 
[1] Claimed EP 0x81
  Queue EP 81 with 16 bytes ... 
OK
on EP 00 with 8 bytes: OK
on EP 00 with 12 bytes: OK
[0:1] Control data:
  0000:  2B 04 09 2D E5 D5 43 22 00 03 00 04              |+..-..C"....|
on EP 81 with 12 bytes: OK
BTH xfer callback
packet_received (event)
00000000: 0E 0A 01 2B 04 00 2D E5 D5 43 22 00              ...+..-..C".
[1] Claimed EP 0x81
  Queue EP 81 with 16 bytes ... 
OK
on EP 80 with 0 bytes: OK

on EP 81 with 12 bytes: OK
BTH xfer callback
packet_received (event)
00000000: 33 0A 2D E5 D5 43 22 00 AE 77 08 00              3.-..C"..w..
User Confirmation Request with numeric value '554926'
User Confirmation Auto accept
send_cmd
00000000: 2C 04 06 2D E5 D5 43 22 00                       ,..-..C".
[0:1] Class Request: 21 00 00 00 00 00 09 00 
[1] Claimed EP 0x81
  Queue EP 81 with 16 bytes ... 
OK
on EP 00 with 8 bytes: OK
on EP 00 with 9 bytes: OK
[0:1] Control data:
  0000:  2C 04 06 2D E5 D5 43 22 00                       |,..-..C".|
on EP 81 with 12 bytes: OK
BTH xfer callback
packet_received (event)
00000000: 0E 0A 01 2C 04 00 2D E5 D5 43 22 00              ...,..-..C".
[1] Claimed EP 0x81
  Queue EP 81 with 16 bytes ... 
OK
on EP 80 with 0 bytes: OK

on EP 81 with 9 bytes: OK
BTH xfer callback
packet_received (event)
00000000: 36 07 00 2D E5 D5 43 22 00                       6..-..C".
Paired!
[1] Claimed EP 0x81
  Queue EP 81 with 16 bytes ... 
OK
on EP 81 with 16 bytes: OK
BTH xfer callback
[1] Claimed EP 0x81
  Queue EP 81 with 16 bytes ... 
OK
on EP 81 with 9 bytes: OK
BTH xfer callback
packet_received (event)
00000000: 18 17 2D E5 D5 43 22 00 53 CD C8 F6 85 B7 8E 78  ..-..C".S......x
00000010: 73 BA C1 3A F0 C4 43 36 04                       s..:..C6.
[1] Claimed EP 0x81
  Queue EP 81 with 16 bytes ... 
OK
on EP 81 with 6 bytes: OK
BTH xfer callback
packet_received (event)
00000000: 08 04 00 4B 00 01                                ...K..
send_cmd
00000000: 08 14 02 4B 00                                   ...K.
[0:1] Class Request: 21 00 00 00 00 00 05 00 
[1] Claimed EP 0x81
  Queue EP 81 with 16 bytes ... 
OK
on EP 82 with 28 bytes: OK
BTH xfer callback
[1] Claimed EP 0x82
  Queue EP 82 with 64 bytes ... 
OK
packet_received (acl)
00000000: 4B 20 18 00 14 00 41 00 06 00 00 00 0F 35 03 19  K ....A......5..
00000010: 01 00 03 F8 35 05 0A 00 00 FF FF 00              ....5.......
on EP 00 with 8 bytes: OK
on EP 00 with 5 bytes: OK
[0:1] Control data:
  0000:  08 14 02 4B 00                                   |...K.|
on EP 81 with 9 bytes: OK
BTH xfer callback
packet_received (event)
00000000: 0E 07 01 08 14 00 4B 00 10                       ......K..
[1] Claimed EP 0x81
  Queue EP 81 with 16 bytes ... 
OK
on EP 80 with 0 bytes: OK

send_acl
00000000: 4B 00 0A 00 06 00 01 00 0A 02 02 00 02 00        K.............
[1] Claimed EP 0x02
  Queue EP 02 with 14 bytes ... 
OK
on EP 02 with 14 bytes: OK
BTH xfer callback
send_acl
00000000: 4B 00 36 01 7B 01 40 00 07 00 00 01 76 01 73 36  K.6.{.@.....v.s6
00000010: 01 70 36 00 6F 09 00 00 0A 00 01 00 03 09 00 01  .p6.o...........
00000020: 36 00 06 19 11 0E 19 11 0F 09 00 04 36 00 12 36  6...........6..6
00000030: 00 06 19 01 00 09 00 17 36 00 06 19 00 17 09 01  ........6.......
00000040: 04 09 00 05 36 00 03 19 10 02 09 00 09 36 00 09  ....6........6..
00000050: 36 00 06 19 11 0E 09 01 06 09 01 00 25 10 41 56  6...........%.AV
00000060: 52 43 50 20 43 6F 6E 74 72 6F 6C 6C 65 72 09 01  RCP Controller..
00000070: 02 25 0B 42 6C 75 65 4B 69 74 63 68 65 6E 09 03  .%.BlueKitchen..
00000080: 11 09 00 02 36 00 68 09 00 00 0A 00 01 00 02 09  ....6.h.........
00000090: 00 01 36 00 03 19 11 0C 09 00 04 36 00 12 36 00  ..6........6..6.
000000A0: 06 19 01 00 09 00 17 36 00 06 19 00 17 09 01 04  .......6........
000000B0: 09 00 05 36 00 03 19 10 02 09 00 09 36 00 09 36  ...6........6..6
000000C0: 00 06 19 11 0E 09 01 06 09 01 00 25 0C 41 56 52  ...........%.AVR
000000D0: 43 50 20 54 61 72 67 65 74 09 01 02 25 0B 42 6C  CP Target...%.Bl
000000E0: 75 65 4B 69 74 63 68 65 6E 09 03 11 09 00 01 36  ueKitchen......6
000000F0: 00 90 09 00 00 0A 00 01 00 01 09 00 01 36 00 03  .............6..
00000100: 19 11 0A 09 00 04 36 00 12 36 00 06 19 01 00 09  ......6..6......
00000110: 00 19 36 00 06 19 00 19 09 01 03 09 00 05 36 00  ..6...........6.
00000120: 03 19 10 02 09 00 09 36 00 09 36 00 06 19 11 0D  .......6..6.....
00000130: 09 01 03 09 01 00 25 1B 42 54                    ......%.BT
[1] Claimed EP 0x02
  Queue EP 02 with 64 bytes ... 
OK
send_acl
00000000: 4B 10 49 00 73 74 61 63 6B 20 41 32 44 50 20 53  K.I.stack A2DP S
00000010: 6F 75 72 63 65 20 53 65 72 76 69 63 65 09 01 02  ource Service...
00000020: 25 24 42 54 73 74 61 63 6B 20 41 32 44 50 20 53  %$BTstack A2DP S
00000030: 6F 75 72 63 65 20 53 65 72 76 69 63 65 20 50 72  ource Service Pr
00000040: 6F 76 69 64 65 72 09 03 11 09 00 01 00           ovider.......
on EP 81 with 7 bytes: OK
BTH xfer callback
packet_received (event)
00000000: 13 05 01 4B 00 01 00                             ...K...
[1] Claimed EP 0x81
  Queue EP 81 with 16 bytes ... 
OK
on EP 82 with 20 bytes: OK
BTH xfer callback
[1] Claimed EP 0x82
  Queue EP 82 with 64 bytes ... 
OK
packet_received (acl)
00000000: 4B 20 10 00 0C 00 01 00 0B 02 08 00 02 00 00 00  K ..............
00000010: B8 00 00 00                                      ....
on EP 02 with 64 bytes: OK
BTH xfer callback
[1] Claimed EP 0x02
  Queue EP 02 with 64 bytes ... 
OK
on EP 02 with 64 bytes: OK
BTH xfer callback
[1] Claimed EP 0x02
  Queue EP 02 with 64 bytes ... 
OK
on EP 02 with 64 bytes: OK
BTH xfer callback
[1] Claimed EP 0x02
  Queue EP 02 with 64 bytes ... 
OK
on EP 02 with 64 bytes: OK
BTH xfer callback
[1] Claimed EP 0x02
  Queue EP 02 with 64 bytes ... 
OK
on EP 02 with 64 bytes: OK
BTH xfer callback
[1] Claimed EP 0x02
  Queue EP 02 with 64 bytes ... 
OK
[0:0:0] USBH DEVICE REMOVED
Device unplugged address = 1
  BTHh close addr = 1 index = 0
************************************************** tuh_bth_umount_cb: idx=0
[1] Aborted transfer on EP 81
on EP 82 with 0 bytes: FAILED
on EP 81 with 0 bytes: FAILED
on EP 02 with 0 bytes: FAILED
[0:] USBH DEVICE ATTACH
[0:0:0] USBH DEVICE REMOVED
[0:] USBH DEVICE ATTACH
Full Speed
[0:0] Open EP0 with Size = 8
Get 8 byte of Device Descriptor
[0:0] Get Descriptor: 80 06 00 01 00 00 08 00 
on EP 00 with 8 bytes: OK
on EP 80 with 8 bytes: OK
[0:0] Control data:
  0000:  12 01 00 02 E0 01 01 40                          |.......@|
on EP 00 with 0 bytes: OK

Set Address = 1
[0:0] Set Address: 00 05 01 00 00 00 00 00 
on EP 00 with 8 bytes: OK
on EP 80 with 0 bytes: OK

[0:1] Open EP0 with Size = 64
Get Device Descriptor
[0:1] Get Descriptor: 80 06 00 01 00 00 12 00 
on EP 00 with 8 bytes: OK
on EP 80 with 18 bytes: OK
[0:1] Control data:
  0000:  12 01 00 02 E0 01 01 40 12 0A 01 00 91 88 00 00  |.......@........|
  0010:  00 01                                            |..|
on EP 00 with 0 bytes: OK

Get Configuration[0] Descriptor (9 bytes)
[0:1] Get Descriptor: 80 06 00 02 00 00 09 00 
on EP 00 with 8 bytes: OK
on EP 80 with 9 bytes: OK
[0:1] Control data:
  0000:  09 02 B1 00 02 01 00 C0 00                       |.........|
on EP 00 with 0 bytes: OK

Get Configuration[0] Descriptor
[0:1] Get Descriptor: 80 06 00 02 00 00 B1 00 
on EP 00 with 8 bytes: OK
on EP 80 with 177 bytes: OK
[0:1] Control data:
  0000:  09 02 B1 00 02 01 00 C0 00 09 04 00 00 03 E0 01  |................|
  0010:  01 00 07 05 81 03 10 00 01 07 05 02 02 40 00 01  |.............@..|
  0020:  07 05 82 02 40 00 01 09 04 01 00 02 E0 01 01 00  |....@...........|
  0030:  07 05 03 01 00 00 01 07 05 83 01 00 00 01 09 04  |................|
  0040:  01 01 02 E0 01 01 00 07 05 03 01 09 00 01 07 05  |................|
  0050:  83 01 09 00 01 09 04 01 02 02 E0 01 01 00 07 05  |................|
  0060:  03 01 11 00 01 07 05 83 01 11 00 01 09 04 01 03  |................|
  0070:  02 E0 01 01 00 07 05 03 01 19 00 01 07 05 83 01  |................|
  0080:  19 00 01 09 04 01 04 02 E0 01 01 00 07 05 03 01  |................|
  0090:  21 00 01 07 05 83 01 21 00 01 09 04 01 05 02 E0  |!......!........|
  00A0:  01 01 00 07 05 03 01 31 00 01 07 05 83 01 31 00  |.......1......1.|
  00B0:  01                                               |.|
on EP 00 with 0 bytes: OK

Parsing Configuration descriptor (wTotalLength = 177)
  Open EP 81 with Size = 16
  Open EP 02 with Size = 64
  Open EP 82 with Size = 64
  BTH opened
  Bind EP 81 to driver id 2
  Bind EP 02 to driver id 2
  Bind EP 82 to driver id 2
[0:1] Interface 1: class = 224 subclass = 1 protocol = 1 is not supported
Set Configuration = 1
[0:1] Set Configuration: 00 09 01 00 00 00 00 00 
on EP 00 with 8 bytes: OK
on EP 80 with 0 bytes: OK

Device configured
BTH set config: itf = 0
[0:1] Class Request: 21 00 00 00 00 00 00 00 
on EP 00 with 8 bytes: OK
on EP 80 with 0 bytes: OK

[1] Claimed EP 0x81
  Queue EP 81 with 16 bytes ... 
OK
+++++++++++++++++++++++++++++++++++++++++++++++++++++ tuh_bth_mount_cb: idx=0
At 298 in ../../src/bt/port.c.
hal_fram_erase: bank=0
send_cmd
00000000: 03 0C 00                                         ...
[0:1] Class Request: 21 00 00 00 00 00 03 00 
on EP 81 with 6 bytes: OK
BTH xfer callback
packet_received (event)
00000000: 0F 04 00 01 00 00                                ......
[1] Claimed EP 0x81
  Queue EP 81 with 16 bytes ... 
OK
on EP 00 with 8 bytes: OK
on EP 00 with 3 bytes: OK
[0:1] Control data:
  0000:  03 0C 00                                         |...|
on EP 81 with 6 bytes: OK
BTH xfer callback
packet_received (event)
00000000: 0F 04 01 01 00 00                                ......
[1] Claimed EP 0x81
  Queue EP 81 with 16 bytes ... 
OK
on EP 80 with 0 bytes: OK

on EP 81 with 6 bytes: OK
BTH xfer callback
packet_received (event)
00000000: 0E 04 01 03 0C 00                                ......
send_cmd
00000000: 01 10 00                                         ...
[0:1] Class Request: 21 00 00 00 00 00 03 00 
[1] Claimed EP 0x81
  Queue EP 81 with 16 bytes ... 
OK
on EP 00 with 8 bytes: OK
on EP 00 with 3 bytes: OK
[0:1] Control data:
  0000:  01 10 00                                         |...|
on EP 81 with 14 bytes: OK
BTH xfer callback
packet_received (event)
00000000: 0E 0C 01 01 10 00 06 BB 22 06 0A 00 BB 22        ........"...."
[1] Claimed EP 0x81
  Queue EP 81 with 16 bytes ... 
OK
on EP 80 with 0 bytes: OK

send_cmd
00000000: 14 0C 00                                         ...
[0:1] Class Request: 21 00 00 00 00 00 03 00 
on EP 00 with 8 bytes: OK
on EP 00 with 3 bytes: OK
[0:1] Control data:
  0000:  14 0C 00                                         |...|
on EP 80 with 0 bytes: OK

on EP 81 with 16 bytes: OK
BTH xfer callback
[1] Claimed EP 0x81
  Queue EP 81 with 16 bytes ... 
OK
on EP 81 with 16 bytes: OK
BTH xfer callback
[1] Claimed EP 0x81
  Queue EP 81 with 16 bytes ... 
OK
on EP 81 with 16 bytes: OK
BTH xfer callback
[1] Claimed EP 0x81
  Queue EP 81 with 16 bytes ... 
OK
on EP 81 with 16 bytes: OK
BTH xfer callback
[1] Claimed EP 0x81
  Queue EP 81 with 16 bytes ... 
OK
on EP 81 with 16 bytes: OK
BTH xfer callback
[1] Claimed EP 0x81
  Queue EP 81 with 16 bytes ... 
OK
on EP 81 with 16 bytes: OK
BTH xfer callback
[1] Claimed EP 0x81
  Queue EP 81 with 16 bytes ... 
OK
on EP 81 with 16 bytes: OK
BTH xfer callback
[1] Claimed EP 0x81
  Queue EP 81 with 16 bytes ... 
OK
on EP 81 with 16 bytes: OK
BTH xfer callback
[1] Claimed EP 0x81
  Queue EP 81 with 16 bytes ... 
OK
on EP 81 with 16 bytes: OK
BTH xfer callback
[1] Claimed EP 0x81
  Queue EP 81 with 16 bytes ... 
OK
on EP 81 with 16 bytes: OK
BTH xfer callback
[1] Claimed EP 0x81
  Queue EP 81 with 16 bytes ... 
OK
on EP 81 with 16 bytes: OK
BTH xfer callback
[1] Claimed EP 0x81
  Queue EP 81 with 16 bytes ... 
OK
on EP 81 with 16 bytes: OK
BTH xfer callback
[1] Claimed EP 0x81
  Queue EP 81 with 16 bytes ... 
OK
on EP 81 with 16 bytes: OK
BTH xfer callback
[1] Claimed EP 0x81
  Queue EP 81 with 16 bytes ... 
OK
on EP 81 with 16 bytes: OK
BTH xfer callback
[1] Claimed EP 0x81
  Queue EP 81 with 16 bytes ... 
OK
on EP 81 with 16 bytes: OK
BTH xfer callback
[1] Claimed EP 0x81
  Queue EP 81 with 16 bytes ... 
OK
on EP 81 with 14 bytes: OK
BTH xfer callback
packet_received (event)
00000000: 0E FC 01 14 0C 00 54 50 2D 4C 69 6E 6B 20 42 6C  ......TP-Link Bl
00000010: 75 65 74 6F 6F 74 68 20 41 64 61 70 74 65 72 00  uetooth Adapter.
00000020: 00 00 00 00 00 00 00 00 00 00 00 00 00 00 00 00  ................
00000030: 00 00 00 00 00 00 00 00 00 00 00 00 00 00 00 00  ................
00000040: 00 00 00 00 00 00 00 00 00 00 00 00 00 00 00 00  ................
00000050: 00 00 00 00 00 00 00 00 00 00 00 00 00 00 00 00  ................
00000060: 00 00 00 00 00 00 00 00 00 00 00 00 00 00 00 00  ................
00000070: 00 00 00 00 00 00 00 00 00 00 00 00 00 00 00 00  ................
00000080: 00 00 00 00 00 00 00 00 00 00 00 00 00 00 00 00  ................
00000090: 00 00 00 00 00 00 00 00 00 00 00 00 00 00 00 00  ................
000000A0: 00 00 00 00 00 00 00 00 00 00 00 00 00 00 00 00  ................
000000B0: 00 00 00 00 00 00 00 00 00 00 00 00 00 00 00 00  ................
000000C0: 00 00 00 00 00 00 00 00 00 00 00 00 00 00 00 00  ................
000000D0: 00 00 00 00 00 00 00 00 00 00 00 00 00 00 00 00  ................
000000E0: 00 00 00 00 00 00 00 00 00 00 00 00 00 00 00 00  ................
000000F0: 00 00 00 00 00 00 00 00 00 00 00 00 00 00        ..............
send_cmd
00000000: 02 10 00                                         ...
[0:1] Class Request: 21 00 00 00 00 00 03 00 
[1] Claimed EP 0x81
  Queue EP 81 with 16 bytes ... 
OK
on EP 00 with 8 bytes: OK
on EP 00 with 3 bytes: OK
[0:1] Control data:
  0000:  02 10 00                                         |...|
on EP 81 with 16 bytes: OK
BTH xfer callback
[1] Claimed EP 0x81
  Queue EP 81 with 16 bytes ... 
OK
on EP 80 with 0 bytes: OK

on EP 81 with 16 bytes: OK
BTH xfer callback
[1] Claimed EP 0x81
  Queue EP 81 with 16 bytes ... 
OK
on EP 81 with 16 bytes: OK
BTH xfer callback
[1] Claimed EP 0x81
  Queue EP 81 with 16 bytes ... 
OK
on EP 81 with 16 bytes: OK
BTH xfer callback
[1] Claimed EP 0x81
  Queue EP 81 with 16 bytes ... 
OK
on EP 81 with 6 bytes: OK
BTH xfer callback
packet_received (event)
00000000: 0E 44 01 02 10 00 FF FF FF 03 FE FF FF FF FF FF  .D..............
00000010: FF FF F3 0F E8 FE 3F F7 83 FF 1C 00 00 00 61 F7  ......?.......a.
00000020: FF FF 7F 00 00 00 00 00 00 00 00 00 00 00 00 00  ................
00000030: 00 00 00 00 00 00 00 00 00 00 00 00 00 00 00 00  ................
00000040: 00 00 00 00 00 00                                ......
send_cmd
00000000: 09 10 00                                         ...
[0:1] Class Request: 21 00 00 00 00 00 03 00 
[1] Claimed EP 0x81
  Queue EP 81 with 16 bytes ... 
OK
on EP 00 with 8 bytes: OK
on EP 00 with 3 bytes: OK
[0:1] Control data:
  0000:  09 10 00                                         |...|
on EP 81 with 12 bytes: OK
BTH xfer callback
packet_received (event)
00000000: 0E 0A 01 09 10 00 15 71 DA 7D 1A 00              .......q.}..
[1] Claimed EP 0x81
  Queue EP 81 with 16 bytes ... 
OK
on EP 80 with 0 bytes: OK

send_cmd
00000000: 05 10 00                                         ...
[0:1] Class Request: 21 00 00 00 00 00 03 00 
on EP 00 with 8 bytes: OK
on EP 00 with 3 bytes: OK
[0:1] Control data:
  0000:  05 10 00                                         |...|
on EP 81 with 13 bytes: OK
BTH xfer callback
packet_received (event)
00000000: 0E 0B 01 05 10 00 36 01 40 0A 00 08 00           ......6.@....
[1] Claimed EP 0x81
  Queue EP 81 with 16 bytes ... 
OK
on EP 80 with 0 bytes: OK

send_cmd
00000000: 03 10 00                                         ...
[0:1] Class Request: 21 00 00 00 00 00 03 00 
on EP 00 with 8 bytes: OK
on EP 00 with 3 bytes: OK
[0:1] Control data:
  0000:  03 10 00                                         |...|
on EP 81 with 14 bytes: OK
BTH xfer callback
packet_received (event)
00000000: 0E 0C 01 03 10 00 FF FF 8F FE DB FF 5B 87        ............[.
[1] Claimed EP 0x81
  Queue EP 81 with 16 bytes ... 
OK
on EP 80 with 0 bytes: OK

send_cmd
00000000: 01 0C 08 FF FF FF FF FF FF FF 1F                 ...........
[0:1] Class Request: 21 00 00 00 00 00 0B 00 
on EP 00 with 8 bytes: OK
on EP 00 with 11 bytes: OK
[0:1] Control data:
  0000:  01 0C 08 FF FF FF FF FF FF FF 1F                 |...........|
on EP 81 with 6 bytes: OK
BTH xfer callback
packet_received (event)
00000000: 0E 04 01 01 0C 00                                ......
[1] Claimed EP 0x81
  Queue EP 81 with 16 bytes ... 
OK
on EP 80 with 0 bytes: OK

send_cmd
00000000: 56 0C 01 01                                      V...
[0:1] Class Request: 21 00 00 00 00 00 04 00 
on EP 00 with 8 bytes: OK
on EP 00 with 4 bytes: OK
[0:1] Control data:
  0000:  56 0C 01 01                                      |V...|
on EP 81 with 6 bytes: OK
BTH xfer callback
packet_received (event)
00000000: 0E 04 01 56 0C 00                                ...V..
[1] Claimed EP 0x81
  Queue EP 81 with 16 bytes ... 
OK
on EP 80 with 0 bytes: OK

send_cmd
00000000: 45 0C 01 02                                      E...
[0:1] Class Request: 21 00 00 00 00 00 04 00 
on EP 00 with 8 bytes: OK
on EP 00 with 4 bytes: OK
[0:1] Control data:
  0000:  45 0C 01 02                                      |E...|
on EP 81 with 6 bytes: OK
BTH xfer callback
packet_received (event)
00000000: 0E 04 01 45 0C 00                                ...E..
[1] Claimed EP 0x81
  Queue EP 81 with 16 bytes ... 
OK
on EP 80 with 0 bytes: OK

send_cmd
00000000: 2F 0C 01 01                                      /...
[0:1] Class Request: 21 00 00 00 00 00 04 00 
on EP 00 with 8 bytes: OK
on EP 00 with 4 bytes: OK
[0:1] Control data:
  0000:  2F 0C 01 01                                      |/...|
on EP 81 with 6 bytes: OK
BTH xfer callback
packet_received (event)
00000000: 0E 04 01 2F 0C 11                                .../..
[1] Claimed EP 0x81
  Queue EP 81 with 16 bytes ... 
OK
on EP 80 with 0 bytes: OK

send_cmd
00000000: 24 0C 03 08 04 20                                $.... 
[0:1] Class Request: 21 00 00 00 00 00 06 00 
on EP 00 with 8 bytes: OK
on EP 00 with 6 bytes: OK
[0:1] Control data:
  0000:  24 0C 03 08 04 20                                |$.... |
on EP 81 with 6 bytes: OK
BTH xfer callback
packet_received (event)
00000000: 0E 04 01 24 0C 00                                ...$..
[1] Claimed EP 0x81
  Queue EP 81 with 16 bytes ... 
OK
on EP 80 with 0 bytes: OK

send_cmd
00000000: 13 0C F8 46 61 6C 63 6F 6E 20 42 54 78 00 00 00  ...Falcon BTx...
00000010: 00 00 00 00 00 00 00 00 00 00 00 00 00 00 00 00  ................
00000020: 00 00 00 00 00 00 00 00 00 00 00 00 00 00 00 00  ................
00000030: 00 00 00 00 00 00 00 00 00 00 00 00 00 00 00 00  ................
00000040: 00 00 00 00 00 00 00 00 00 00 00 00 00 00 00 00  ................
00000050: 00 00 00 00 00 00 00 00 00 00 00 00 00 00 00 00  ................
00000060: 00 00 00 00 00 00 00 00 00 00 00 00 00 00 00 00  ................
00000070: 00 00 00 00 00 00 00 00 00 00 00 00 00 00 00 00  ................
00000080: 00 00 00 00 00 00 00 00 00 00 00 00 00 00 00 00  ................
00000090: 00 00 00 00 00 00 00 00 00 00 00 00 00 00 00 00  ................
000000A0: 00 00 00 00 00 00 00 00 00 00 00 00 00 00 00 00  ................
000000B0: 00 00 00 00 00 00 00 00 00 00 00 00 00 00 00 00  ................
000000C0: 00 00 00 00 00 00 00 00 00 00 00 00 00 00 00 00  ................
000000D0: 00 00 00 00 00 00 00 00 00 00 00 00 00 00 00 00  ................
000000E0: 00 00 00 00 00 00 00 00 00 00 00 00 00 00 00 00  ................
000000F0: 00 00 00 00 00 00 00 00 00 00 00                 ...........
[0:1] Class Request: 21 00 00 00 00 00 FB 00 
on EP 00 with 8 bytes: OK
on EP 00 with 251 bytes: OK
[0:1] Control data:
  0000:  13 0C F8 46 61 6C 63 6F 6E 20 42 54 78 00 00 00  |...Falcon BTx...|
  0010:  00 00 00 00 00 00 00 00 00 00 00 00 00 00 00 00  |................|
  0020:  00 00 00 00 00 00 00 00 00 00 00 00 00 00 00 00  |................|
  0030:  00 00 00 00 00 00 00 00 00 00 00 00 00 00 00 00  |................|
  0040:  00 00 00 00 00 00 00 00 00 00 00 00 00 00 00 00  |................|
  0050:  00 00 00 00 00 00 00 00 00 00 00 00 00 00 00 00  |................|
  0060:  00 00 00 00 00 00 00 00 00 00 00 00 00 00 00 00  |................|
  0070:  00 00 00 00 00 00 00 00 00 00 00 00 00 00 00 00  |................|
  0080:  00 00 00 00 00 00 00 00 00 00 00 00 00 00 00 00  |................|
  0090:  00 00 00 00 00 00 00 00 00 00 00 00 00 00 00 00  |................|
  00A0:  00 00 00 00 00 00 00 00 00 00 00 00 00 00 00 00  |................|
  00B0:  00 00 00 00 00 00 00 00 00 00 00 00 00 00 00 00  |................|
  00C0:  00 00 00 00 00 00 00 00 00 00 00 00 00 00 00 00  |................|
  00D0:  00 00 00 00 00 00 00 00 00 00 00 00 00 00 00 00  |................|
  00E0:  00 00 00 00 00 00 00 00 00 00 00 00 00 00 00 00  |................|
  00F0:  00 00 00 00 00 00 00 00 00 00 00                 |...........|
on EP 81 with 6 bytes: OK
BTH xfer callback
packet_received (event)
00000000: 0E 04 01 13 0C 00                                ......
[1] Claimed EP 0x81
  Queue EP 81 with 16 bytes ... 
OK
on EP 80 with 0 bytes: OK

send_cmd
00000000: 52 0C F1 00 0B 09 46 61 6C 63 6F 6E 20 42 54 78  R.....Falcon BTx
00000010: 00 00 00 00 00 00 00 00 00 00 00 00 00 00 00 00  ................
00000020: 00 00 00 00 00 00 00 00 00 00 00 00 00 00 00 00  ................
00000030: 00 00 00 00 00 00 00 00 00 00 00 00 00 00 00 00  ................
00000040: 00 00 00 00 00 00 00 00 00 00 00 00 00 00 00 00  ................
00000050: 00 00 00 00 00 00 00 00 00 00 00 00 00 00 00 00  ................
00000060: 00 00 00 00 00 00 00 00 00 00 00 00 00 00 00 00  ................
00000070: 00 00 00 00 00 00 00 00 00 00 00 00 00 00 00 00  ................
00000080: 00 00 00 00 00 00 00 00 00 00 00 00 00 00 00 00  ................
00000090: 00 00 00 00 00 00 00 00 00 00 00 00 00 00 00 00  ................
000000A0: 00 00 00 00 00 00 00 00 00 00 00 00 00 00 00 00  ................
000000B0: 00 00 00 00 00 00 00 00 00 00 00 00 00 00 00 00  ................
000000C0: 00 00 00 00 00 00 00 00 00 00 00 00 00 00 00 00  ................
000000D0: 00 00 00 00 00 00 00 00 00 00 00 00 00 00 00 00  ................
000000E0: 00 00 00 00 00 00 00 00 00 00 00 00 00 00 00 00  ................
000000F0: 00 00 00 00                                      ....
[0:1] Class Request: 21 00 00 00 00 00 F4 00 
on EP 00 with 8 bytes: OK
on EP 00 with 244 bytes: OK
[0:1] Control data:
  0000:  52 0C F1 00 0B 09 46 61 6C 63 6F 6E 20 42 54 78  |R.....Falcon BTx|
  0010:  00 00 00 00 00 00 00 00 00 00 00 00 00 00 00 00  |................|
  0020:  00 00 00 00 00 00 00 00 00 00 00 00 00 00 00 00  |................|
  0030:  00 00 00 00 00 00 00 00 00 00 00 00 00 00 00 00  |................|
  0040:  00 00 00 00 00 00 00 00 00 00 00 00 00 00 00 00  |................|
  0050:  00 00 00 00 00 00 00 00 00 00 00 00 00 00 00 00  |................|
  0060:  00 00 00 00 00 00 00 00 00 00 00 00 00 00 00 00  |................|
  0070:  00 00 00 00 00 00 00 00 00 00 00 00 00 00 00 00  |................|
  0080:  00 00 00 00 00 00 00 00 00 00 00 00 00 00 00 00  |................|
  0090:  00 00 00 00 00 00 00 00 00 00 00 00 00 00 00 00  |................|
  00A0:  00 00 00 00 00 00 00 00 00 00 00 00 00 00 00 00  |................|
  00B0:  00 00 00 00 00 00 00 00 00 00 00 00 00 00 00 00  |................|
  00C0:  00 00 00 00 00 00 00 00 00 00 00 00 00 00 00 00  |................|
  00D0:  00 00 00 00 00 00 00 00 00 00 00 00 00 00 00 00  |................|
  00E0:  00 00 00 00 00 00 00 00 00 00 00 00 00 00 00 00  |................|
  00F0:  00 00 00 00                                      |....|
on EP 81 with 6 bytes: OK
BTH xfer callback
packet_received (event)
00000000: 0E 04 01 52 0C 00                                ...R..
[1] Claimed EP 0x81
  Queue EP 81 with 16 bytes ... 
OK
on EP 80 with 0 bytes: OK

send_cmd
00000000: 0F 08 02 00 00                                   .....
[0:1] Class Request: 21 00 00 00 00 00 05 00 
on EP 00 with 8 bytes: OK
on EP 00 with 5 bytes: OK
[0:1] Control data:
  0000:  0F 08 02 00 00                                   |.....|
on EP 81 with 6 bytes: OK
BTH xfer callback
packet_received (event)
00000000: 0E 04 01 0F 08 00                                ......
[1] Claimed EP 0x81
  Queue EP 81 with 16 bytes ... 
OK
on EP 80 with 0 bytes: OK

send_cmd
00000000: 18 0C 02 00 60                                   ....`
[0:1] Class Request: 21 00 00 00 00 00 05 00 
on EP 00 with 8 bytes: OK
on EP 00 with 5 bytes: OK
[0:1] Control data:
  0000:  18 0C 02 00 60                                   |....`|
on EP 81 with 6 bytes: OK
BTH xfer callback
packet_received (event)
00000000: 0E 04 01 18 0C 00                                ......
[1] Claimed EP 0x81
  Queue EP 81 with 16 bytes ... 
OK
on EP 80 with 0 bytes: OK

send_cmd
00000000: 1A 0C 01 01                                      ....
[0:1] Class Request: 21 00 00 00 00 00 04 00 
on EP 00 with 8 bytes: OK
on EP 00 with 4 bytes: OK
[0:1] Control data:
  0000:  1A 0C 01 01                                      |....|
on EP 81 with 6 bytes: OK
BTH xfer callback
packet_received (event)
00000000: 0E 04 01 1A 0C 00                                ......
[1] Claimed EP 0x81
  Queue EP 81 with 16 bytes ... 
OK
on EP 80 with 0 bytes: OK

BTstack up and running on 00:1A:7D:DA:71:15.
key=1B
key=5B
key=31
key=36
key=7E
