Sat Apr 14 00:01:54 MSK 2018  [debug] AvalonLogSystem initialized using logfile 'cic40_ddc_2rx.log'
Sat Apr 14 00:01:54 MSK 2018   [info] ************************************************************** 
Sat Apr 14 00:01:54 MSK 2018   [info] Starting Jakarta Velocity v1.4
Sat Apr 14 00:01:54 MSK 2018   [info] RuntimeInstance initializing.
Sat Apr 14 00:01:54 MSK 2018   [info] Default Properties File: org\apache\velocity\runtime\defaults\velocity.properties
Sat Apr 14 00:01:54 MSK 2018   [info] Trying to use logger class org.apache.velocity.runtime.log.AvalonLogSystem
Sat Apr 14 00:01:54 MSK 2018   [info] Using logger class org.apache.velocity.runtime.log.AvalonLogSystem
Sat Apr 14 00:01:54 MSK 2018   [info] Default ResourceManager initializing. (class org.apache.velocity.runtime.resource.ResourceManagerImpl)
Sat Apr 14 00:01:54 MSK 2018   [info] Resource Loader Instantiated: org.apache.velocity.runtime.resource.loader.FileResourceLoader
Sat Apr 14 00:01:54 MSK 2018   [info] FileResourceLoader : initialization starting.
Sat Apr 14 00:01:54 MSK 2018   [info] FileResourceLoader : adding path 'c:/altera/13.1/ip/altera/cic/lib/\template'
Sat Apr 14 00:01:54 MSK 2018   [info] FileResourceLoader : adding path '.'
Sat Apr 14 00:01:54 MSK 2018   [info] FileResourceLoader : initialization complete.
Sat Apr 14 00:01:54 MSK 2018   [info] Resource Loader Instantiated: org.apache.velocity.runtime.resource.loader.JarResourceLoader
Sat Apr 14 00:01:54 MSK 2018   [info] JarResourceLoader : initialization starting.
Sat Apr 14 00:01:54 MSK 2018   [info] JarResourceLoader # of paths : 0
Sat Apr 14 00:01:54 MSK 2018   [info] JarResourceLoader : initialization complete.
Sat Apr 14 00:01:54 MSK 2018   [info] Resource Loader Instantiated: org.apache.velocity.runtime.resource.loader.ClasspathResourceLoader
Sat Apr 14 00:01:54 MSK 2018   [info] ClasspathResourceLoader : initialization starting.
Sat Apr 14 00:01:54 MSK 2018   [info] ClasspathResourceLoader : initialization complete.
Sat Apr 14 00:01:54 MSK 2018   [info] ResourceCache : initialized. (class org.apache.velocity.runtime.resource.ResourceCacheImpl)
Sat Apr 14 00:01:54 MSK 2018   [info] Default ResourceManager initialization complete.
Sat Apr 14 00:01:54 MSK 2018   [info] Loaded System Directive: org.apache.velocity.runtime.directive.Literal
Sat Apr 14 00:01:54 MSK 2018   [info] Loaded System Directive: org.apache.velocity.runtime.directive.Macro
Sat Apr 14 00:01:54 MSK 2018   [info] Loaded System Directive: org.apache.velocity.runtime.directive.Parse
Sat Apr 14 00:01:54 MSK 2018   [info] Loaded System Directive: org.apache.velocity.runtime.directive.Include
Sat Apr 14 00:01:54 MSK 2018   [info] Loaded System Directive: org.apache.velocity.runtime.directive.Foreach
Sat Apr 14 00:01:54 MSK 2018   [info] Created: 20 parsers.
Sat Apr 14 00:01:54 MSK 2018   [info] Velocimacro : initialization starting.
Sat Apr 14 00:01:54 MSK 2018   [info] Velocimacro : adding VMs from VM library template : VM_global_library.vm
Sat Apr 14 00:01:54 MSK 2018   [info] Velocimacro : added new VM : #listall( list ) : source = VM_global_library.vm
Sat Apr 14 00:01:54 MSK 2018   [info] Velocimacro : added new VM : #listlist( list ) : source = VM_global_library.vm
Sat Apr 14 00:01:54 MSK 2018   [info] ResourceManager : found VM_global_library.vm with loader org.apache.velocity.runtime.resource.loader.ClasspathResourceLoader
Sat Apr 14 00:01:54 MSK 2018   [info] Velocimacro :  VM library template macro registration complete.
Sat Apr 14 00:01:54 MSK 2018   [info] Velocimacro : allowInline = true : VMs can be defined inline in templates
Sat Apr 14 00:01:54 MSK 2018   [info] Velocimacro : allowInlineToOverride = false : VMs defined inline may NOT replace previous VM definitions
Sat Apr 14 00:01:54 MSK 2018   [info] Velocimacro : allowInlineLocal = false : VMs defined inline will be  global in scope if allowed.
Sat Apr 14 00:01:54 MSK 2018   [info] Velocimacro : messages on  : VM system will output logging messages
Sat Apr 14 00:01:54 MSK 2018   [info] Velocimacro : autoload off  : VM system will not automatically reload global library macros
Sat Apr 14 00:01:54 MSK 2018   [info] Velocimacro : initialization complete.
Sat Apr 14 00:01:54 MSK 2018   [info] Velocity successfully started.
Sat Apr 14 00:01:56 MSK 2018   [info] ResourceManager : found cic_dec_vhdl_template.vm with loader org.apache.velocity.runtime.resource.loader.ClasspathResourceLoader
Sat Apr 14 00:01:56 MSK 2018   [info] ResourceManager : found cic_template_header.vm with loader org.apache.velocity.runtime.resource.loader.ClasspathResourceLoader
Sat Apr 14 00:01:56 MSK 2018   [info] ResourceManager : found alt_license_vhdl.txt with loader org.apache.velocity.runtime.resource.loader.ClasspathResourceLoader
Sat Apr 14 00:01:56 MSK 2018   [info] ResourceManager : found cic_ast_wrapper.vm with loader org.apache.velocity.runtime.resource.loader.ClasspathResourceLoader
Sat Apr 14 00:01:56 MSK 2018   [info] ResourceManager : found run_quartus_tcl.vm with loader org.apache.velocity.runtime.resource.loader.ClasspathResourceLoader
Sat Apr 14 00:01:56 MSK 2018   [info] ResourceManager : found alt_license_tcl.txt with loader org.apache.velocity.runtime.resource.loader.ClasspathResourceLoader
Sat Apr 14 00:01:56 MSK 2018   [info] ResourceManager : found cic_nativelink_tcl.vm with loader org.apache.velocity.runtime.resource.loader.ClasspathResourceLoader
Sat Apr 14 00:01:56 MSK 2018   [info] ResourceManager : found alt_license_tcl.txt with loader org.apache.velocity.runtime.resource.loader.ClasspathResourceLoader
Sat Apr 14 00:01:56 MSK 2018   [info] ResourceManager : found cic_dec_vhdl_tb.vm with loader org.apache.velocity.runtime.resource.loader.ClasspathResourceLoader
Sat Apr 14 00:01:56 MSK 2018   [info] ResourceManager : found alt_license_vhdl.txt with loader org.apache.velocity.runtime.resource.loader.ClasspathResourceLoader
Sat Apr 14 00:01:56 MSK 2018   [info] ResourceManager : found cic_fir_comp_coef.vm with loader org.apache.velocity.runtime.resource.loader.ClasspathResourceLoader
Sat Apr 14 00:01:56 MSK 2018   [info] ResourceManager : found alt_license_matlab.txt with loader org.apache.velocity.runtime.resource.loader.ClasspathResourceLoader
