Fri Apr 20 00:45:45 MSK 2018  [debug] AvalonLogSystem initialized using logfile 'cic_64_3iq.log'
Fri Apr 20 00:45:45 MSK 2018   [info] ************************************************************** 
Fri Apr 20 00:45:45 MSK 2018   [info] Starting Jakarta Velocity v1.4
Fri Apr 20 00:45:45 MSK 2018   [info] RuntimeInstance initializing.
Fri Apr 20 00:45:45 MSK 2018   [info] Default Properties File: org\apache\velocity\runtime\defaults\velocity.properties
Fri Apr 20 00:45:45 MSK 2018   [info] Trying to use logger class org.apache.velocity.runtime.log.AvalonLogSystem
Fri Apr 20 00:45:45 MSK 2018   [info] Using logger class org.apache.velocity.runtime.log.AvalonLogSystem
Fri Apr 20 00:45:45 MSK 2018   [info] Default ResourceManager initializing. (class org.apache.velocity.runtime.resource.ResourceManagerImpl)
Fri Apr 20 00:45:45 MSK 2018   [info] Resource Loader Instantiated: org.apache.velocity.runtime.resource.loader.FileResourceLoader
Fri Apr 20 00:45:45 MSK 2018   [info] FileResourceLoader : initialization starting.
Fri Apr 20 00:45:45 MSK 2018   [info] FileResourceLoader : adding path 'c:/altera/13.1/ip/altera/cic/lib/\template'
Fri Apr 20 00:45:45 MSK 2018   [info] FileResourceLoader : adding path '.'
Fri Apr 20 00:45:45 MSK 2018   [info] FileResourceLoader : initialization complete.
Fri Apr 20 00:45:45 MSK 2018   [info] Resource Loader Instantiated: org.apache.velocity.runtime.resource.loader.JarResourceLoader
Fri Apr 20 00:45:45 MSK 2018   [info] JarResourceLoader : initialization starting.
Fri Apr 20 00:45:45 MSK 2018   [info] JarResourceLoader # of paths : 0
Fri Apr 20 00:45:45 MSK 2018   [info] JarResourceLoader : initialization complete.
Fri Apr 20 00:45:45 MSK 2018   [info] Resource Loader Instantiated: org.apache.velocity.runtime.resource.loader.ClasspathResourceLoader
Fri Apr 20 00:45:45 MSK 2018   [info] ClasspathResourceLoader : initialization starting.
Fri Apr 20 00:45:45 MSK 2018   [info] ClasspathResourceLoader : initialization complete.
Fri Apr 20 00:45:45 MSK 2018   [info] ResourceCache : initialized. (class org.apache.velocity.runtime.resource.ResourceCacheImpl)
Fri Apr 20 00:45:45 MSK 2018   [info] Default ResourceManager initialization complete.
Fri Apr 20 00:45:45 MSK 2018   [info] Loaded System Directive: org.apache.velocity.runtime.directive.Literal
Fri Apr 20 00:45:45 MSK 2018   [info] Loaded System Directive: org.apache.velocity.runtime.directive.Macro
Fri Apr 20 00:45:45 MSK 2018   [info] Loaded System Directive: org.apache.velocity.runtime.directive.Parse
Fri Apr 20 00:45:45 MSK 2018   [info] Loaded System Directive: org.apache.velocity.runtime.directive.Include
Fri Apr 20 00:45:45 MSK 2018   [info] Loaded System Directive: org.apache.velocity.runtime.directive.Foreach
Fri Apr 20 00:45:45 MSK 2018   [info] Created: 20 parsers.
Fri Apr 20 00:45:45 MSK 2018   [info] Velocimacro : initialization starting.
Fri Apr 20 00:45:45 MSK 2018   [info] Velocimacro : adding VMs from VM library template : VM_global_library.vm
Fri Apr 20 00:45:45 MSK 2018   [info] Velocimacro : added new VM : #listall( list ) : source = VM_global_library.vm
Fri Apr 20 00:45:45 MSK 2018   [info] Velocimacro : added new VM : #listlist( list ) : source = VM_global_library.vm
Fri Apr 20 00:45:45 MSK 2018   [info] ResourceManager : found VM_global_library.vm with loader org.apache.velocity.runtime.resource.loader.ClasspathResourceLoader
Fri Apr 20 00:45:45 MSK 2018   [info] Velocimacro :  VM library template macro registration complete.
Fri Apr 20 00:45:45 MSK 2018   [info] Velocimacro : allowInline = true : VMs can be defined inline in templates
Fri Apr 20 00:45:45 MSK 2018   [info] Velocimacro : allowInlineToOverride = false : VMs defined inline may NOT replace previous VM definitions
Fri Apr 20 00:45:45 MSK 2018   [info] Velocimacro : allowInlineLocal = false : VMs defined inline will be  global in scope if allowed.
Fri Apr 20 00:45:45 MSK 2018   [info] Velocimacro : messages on  : VM system will output logging messages
Fri Apr 20 00:45:45 MSK 2018   [info] Velocimacro : autoload off  : VM system will not automatically reload global library macros
Fri Apr 20 00:45:45 MSK 2018   [info] Velocimacro : initialization complete.
Fri Apr 20 00:45:45 MSK 2018   [info] Velocity successfully started.
Fri Apr 20 00:45:47 MSK 2018   [info] ResourceManager : found cic_dec_miso_vhdl_template.vm with loader org.apache.velocity.runtime.resource.loader.ClasspathResourceLoader
Fri Apr 20 00:45:47 MSK 2018   [info] ResourceManager : found cic_template_header.vm with loader org.apache.velocity.runtime.resource.loader.ClasspathResourceLoader
Fri Apr 20 00:45:47 MSK 2018   [info] ResourceManager : found alt_license_vhdl.txt with loader org.apache.velocity.runtime.resource.loader.ClasspathResourceLoader
Fri Apr 20 00:45:47 MSK 2018   [info] ResourceManager : found cic_ast_wrapper.vm with loader org.apache.velocity.runtime.resource.loader.ClasspathResourceLoader
Fri Apr 20 00:45:47 MSK 2018   [info] ResourceManager : found run_quartus_tcl.vm with loader org.apache.velocity.runtime.resource.loader.ClasspathResourceLoader
Fri Apr 20 00:45:47 MSK 2018   [info] ResourceManager : found alt_license_tcl.txt with loader org.apache.velocity.runtime.resource.loader.ClasspathResourceLoader
Fri Apr 20 00:45:47 MSK 2018   [info] ResourceManager : found cic_nativelink_tcl.vm with loader org.apache.velocity.runtime.resource.loader.ClasspathResourceLoader
Fri Apr 20 00:45:47 MSK 2018   [info] ResourceManager : found alt_license_tcl.txt with loader org.apache.velocity.runtime.resource.loader.ClasspathResourceLoader
Fri Apr 20 00:45:47 MSK 2018   [info] ResourceManager : found cic_dec_vhdl_tb.vm with loader org.apache.velocity.runtime.resource.loader.ClasspathResourceLoader
Fri Apr 20 00:45:47 MSK 2018   [info] ResourceManager : found alt_license_vhdl.txt with loader org.apache.velocity.runtime.resource.loader.ClasspathResourceLoader
Fri Apr 20 00:45:47 MSK 2018   [info] ResourceManager : found cic_fir_comp_coef.vm with loader org.apache.velocity.runtime.resource.loader.ClasspathResourceLoader
Fri Apr 20 00:45:47 MSK 2018   [info] ResourceManager : found alt_license_matlab.txt with loader org.apache.velocity.runtime.resource.loader.ClasspathResourceLoader
